[I 2025-03-26 17:33:06,000] Trial 3 finished with value: 0.6052631578947368 and parameters: {'n_epochs': 500, 'dropout': 0.5, 'weight_decay': 0.0001, 'n_layers_lin': 2, 'n_hid': 128, 'lr': 0.001}. Best is trial 1 with value: 0.7315789473684211.
[I 2025-03-26 17:34:25,013] Trial 4 finished with value: 0.6894736842105263 and parameters: {'n_epochs': 1000, 'dropout': 0.3, 'weight_decay': 0.001, 'n_layers_lin': 1, 'n_hid': 64, 'lr': 0.001}. Best is trial 1 with value: 0.7315789473684211.
[I 2025-03-26 17:34:32,936] A new study created in memory with name: no-name-e06524e8-db7d-4d9e-a8db-8f57e5492b24
/home/kim89/hier-mil/venv/lib/python3.12/site-packages/sklearn/model_selection/_split.py:737: UserWarning: The least populated class in y has only 9 members, which is less than n_splits=10.
  warnings.warn(
[I 2025-03-26 17:35:09,401] Trial 0 finished with value: 0.8654970760233918 and parameters: {'n_epochs': 500, 'dropout': 0.5, 'weight_decay': 0.001, 'n_layers_lin': 1, 'n_hid': 64, 'lr': 0.001}. Best is trial 0 with value: 0.8654970760233918.
/home/kim89/hier-mil/venv/lib/python3.12/site-packages/sklearn/model_selection/_split.py:737: UserWarning: The least populated class in y has only 9 members, which is less than n_splits=10.
  warnings.warn(
[I 2025-03-26 17:36:27,000] Trial 1 finished with value: 0.7894736842105263 and parameters: {'n_epochs': 1000, 'dropout': 0, 'weight_decay': 0.001, 'n_layers_lin': 1, 'n_hid': 128, 'lr': 0.005}. Best is trial 0 with value: 0.8654970760233918.
/home/kim89/hier-mil/venv/lib/python3.12/site-packages/sklearn/model_selection/_split.py:737: UserWarning: The least populated class in y has only 9 members, which is less than n_splits=10.
  warnings.warn(
[I 2025-03-26 17:37:14,381] Trial 2 finished with value: 0.672514619883041 and parameters: {'n_epochs': 500, 'dropout': 0.3, 'weight_decay': 0.001, 'n_layers_lin': 2, 'n_hid': 128, 'lr': 0.005}. Best is trial 0 with value: 0.8654970760233918.
/home/kim89/hier-mil/venv/lib/python3.12/site-packages/sklearn/model_selection/_split.py:737: UserWarning: The least populated class in y has only 9 members, which is less than n_splits=10.
  warnings.warn(
[I 2025-03-26 17:37:57,642] Trial 3 finished with value: 0.7017543859649122 and parameters: {'n_epochs': 500, 'dropout': 0.5, 'weight_decay': 0.0001, 'n_layers_lin': 2, 'n_hid': 128, 'lr': 0.001}. Best is trial 0 with value: 0.8654970760233918.
/home/kim89/hier-mil/venv/lib/python3.12/site-packages/sklearn/model_selection/_split.py:737: UserWarning: The least populated class in y has only 9 members, which is less than n_splits=10.
  warnings.warn(
[I 2025-03-26 17:39:11,004] Trial 4 finished with value: 0.783625730994152 and parameters: {'n_epochs': 1000, 'dropout': 0.3, 'weight_decay': 0.001, 'n_layers_lin': 1, 'n_hid': 64, 'lr': 0.001}. Best is trial 0 with value: 0.8654970760233918.
[I 2025-03-26 17:39:15,097] A new study created in memory with name: no-name-8b462545-de76-4104-a71f-574b5d3838c2
[I 2025-03-26 17:39:55,766] Trial 0 finished with value: 0.8368421052631579 and parameters: {'n_epochs': 500, 'dropout': 0.5, 'weight_decay': 0.001, 'n_layers_lin': 1, 'n_hid': 64, 'lr': 0.001}. Best is trial 0 with value: 0.8368421052631579.
[I 2025-03-26 17:41:12,001] Trial 1 finished with value: 0.631578947368421 and parameters: {'n_epochs': 1000, 'dropout': 0, 'weight_decay': 0.001, 'n_layers_lin': 1, 'n_hid': 128, 'lr': 0.005}. Best is trial 0 with value: 0.8368421052631579.
[I 2025-03-26 17:42:00,468] Trial 2 finished with value: 0.8473684210526315 and parameters: {'n_epochs': 500, 'dropout': 0.3, 'weight_decay': 0.001, 'n_layers_lin': 2, 'n_hid': 128, 'lr': 0.005}. Best is trial 2 with value: 0.8473684210526315.
[I 2025-03-26 17:42:48,835] Trial 3 finished with value: 0.9210526315789473 and parameters: {'n_epochs': 500, 'dropout': 0.5, 'weight_decay': 0.0001, 'n_layers_lin': 2, 'n_hid': 128, 'lr': 0.001}. Best is trial 3 with value: 0.9210526315789473.
[I 2025-03-26 17:44:04,328] Trial 4 finished with value: 0.7263157894736842 and parameters: {'n_epochs': 1000, 'dropout': 0.3, 'weight_decay': 0.001, 'n_layers_lin': 1, 'n_hid': 64, 'lr': 0.001}. Best is trial 3 with value: 0.9210526315789473.
[I 2025-03-26 17:44:09,171] A new study created in memory with name: no-name-b5511a08-f2b2-4704-b5d7-8db84c6e7c01
/home/kim89/hier-mil/venv/lib/python3.12/site-packages/sklearn/model_selection/_split.py:737: UserWarning: The least populated class in y has only 9 members, which is less than n_splits=10.
  warnings.warn(
[I 2025-03-26 17:44:49,623] Trial 0 finished with value: 0.5789473684210527 and parameters: {'n_epochs': 500, 'dropout': 0.5, 'weight_decay': 0.001, 'n_layers_lin': 1, 'n_hid': 64, 'lr': 0.001}. Best is trial 0 with value: 0.5789473684210527.
/home/kim89/hier-mil/venv/lib/python3.12/site-packages/sklearn/model_selection/_split.py:737: UserWarning: The least populated class in y has only 9 members, which is less than n_splits=10.
  warnings.warn(
[I 2025-03-26 17:46:07,813] Trial 1 finished with value: 0.5964912280701755 and parameters: {'n_epochs': 1000, 'dropout': 0, 'weight_decay': 0.001, 'n_layers_lin': 1, 'n_hid': 128, 'lr': 0.005}. Best is trial 1 with value: 0.5964912280701755.
/home/kim89/hier-mil/venv/lib/python3.12/site-packages/sklearn/model_selection/_split.py:737: UserWarning: The least populated class in y has only 9 members, which is less than n_splits=10.
  warnings.warn(
[I 2025-03-26 17:46:50,962] Trial 2 finished with value: 0.5555555555555556 and parameters: {'n_epochs': 500, 'dropout': 0.3, 'weight_decay': 0.001, 'n_layers_lin': 2, 'n_hid': 128, 'lr': 0.005}. Best is trial 1 with value: 0.5964912280701755.
/home/kim89/hier-mil/venv/lib/python3.12/site-packages/sklearn/model_selection/_split.py:737: UserWarning: The least populated class in y has only 9 members, which is less than n_splits=10.
  warnings.warn(
[I 2025-03-26 17:47:39,235] Trial 3 finished with value: 0.5614035087719298 and parameters: {'n_epochs': 500, 'dropout': 0.5, 'weight_decay': 0.0001, 'n_layers_lin': 2, 'n_hid': 128, 'lr': 0.001}. Best is trial 1 with value: 0.5964912280701755.
/home/kim89/hier-mil/venv/lib/python3.12/site-packages/sklearn/model_selection/_split.py:737: UserWarning: The least populated class in y has only 9 members, which is less than n_splits=10.
  warnings.warn(
[I 2025-03-26 17:48:54,798] Trial 4 finished with value: 0.5789473684210527 and parameters: {'n_epochs': 1000, 'dropout': 0.3, 'weight_decay': 0.001, 'n_layers_lin': 1, 'n_hid': 64, 'lr': 0.001}. Best is trial 1 with value: 0.5964912280701755.
[I 2025-03-26 17:49:02,632] A new study created in memory with name: no-name-70dc873f-43c6-43d5-98a2-2cbb5d70ef79
[I 2025-03-26 17:49:43,027] Trial 0 finished with value: 0.7789473684210527 and parameters: {'n_epochs': 500, 'dropout': 0.5, 'weight_decay': 0.001, 'n_layers_lin': 1, 'n_hid': 64, 'lr': 0.001}. Best is trial 0 with value: 0.7789473684210527.
[I 2025-03-26 17:50:57,447] Trial 1 finished with value: 0.7157894736842105 and parameters: {'n_epochs': 1000, 'dropout': 0, 'weight_decay': 0.001, 'n_layers_lin': 1, 'n_hid': 128, 'lr': 0.005}. Best is trial 0 with value: 0.7789473684210527.
[I 2025-03-26 17:51:45,697] Trial 2 finished with value: 0.7947368421052632 and parameters: {'n_epochs': 500, 'dropout': 0.3, 'weight_decay': 0.001, 'n_layers_lin': 2, 'n_hid': 128, 'lr': 0.005}. Best is trial 2 with value: 0.7947368421052632.
[I 2025-03-26 17:52:33,888] Trial 3 finished with value: 0.7789473684210526 and parameters: {'n_epochs': 500, 'dropout': 0.5, 'weight_decay': 0.0001, 'n_layers_lin': 2, 'n_hid': 128, 'lr': 0.001}. Best is trial 2 with value: 0.7947368421052632.
[I 2025-03-26 17:53:47,233] Trial 4 finished with value: 0.7157894736842105 and parameters: {'n_epochs': 1000, 'dropout': 0.3, 'weight_decay': 0.001, 'n_layers_lin': 1, 'n_hid': 64, 'lr': 0.001}. Best is trial 2 with value: 0.7947368421052632.
[I 2025-03-26 17:53:51,964] A new study created in memory with name: no-name-5c0db330-a686-48ea-a77c-59be19ae97c2
/home/kim89/hier-mil/venv/lib/python3.12/site-packages/sklearn/model_selection/_split.py:737: UserWarning: The least populated class in y has only 9 members, which is less than n_splits=10.
  warnings.warn(
[I 2025-03-26 17:54:32,588] Trial 0 finished with value: 0.736842105263158 and parameters: {'n_epochs': 500, 'dropout': 0.5, 'weight_decay': 0.001, 'n_layers_lin': 1, 'n_hid': 64, 'lr': 0.001}. Best is trial 0 with value: 0.736842105263158.
/home/kim89/hier-mil/venv/lib/python3.12/site-packages/sklearn/model_selection/_split.py:737: UserWarning: The least populated class in y has only 9 members, which is less than n_splits=10.
  warnings.warn(
[I 2025-03-26 17:55:50,871] Trial 1 finished with value: 0.6432748538011696 and parameters: {'n_epochs': 1000, 'dropout': 0, 'weight_decay': 0.001, 'n_layers_lin': 1, 'n_hid': 128, 'lr': 0.005}. Best is trial 0 with value: 0.736842105263158.
/home/kim89/hier-mil/venv/lib/python3.12/site-packages/sklearn/model_selection/_split.py:737: UserWarning: The least populated class in y has only 9 members, which is less than n_splits=10.
  warnings.warn(
[I 2025-03-26 17:56:36,751] Trial 2 finished with value: 0.760233918128655 and parameters: {'n_epochs': 500, 'dropout': 0.3, 'weight_decay': 0.001, 'n_layers_lin': 2, 'n_hid': 128, 'lr': 0.005}. Best is trial 2 with value: 0.760233918128655.
/home/kim89/hier-mil/venv/lib/python3.12/site-packages/sklearn/model_selection/_split.py:737: UserWarning: The least populated class in y has only 9 members, which is less than n_splits=10.
  warnings.warn(
[I 2025-03-26 17:57:25,008] Trial 3 finished with value: 0.6842105263157895 and parameters: {'n_epochs': 500, 'dropout': 0.5, 'weight_decay': 0.0001, 'n_layers_lin': 2, 'n_hid': 128, 'lr': 0.001}. Best is trial 2 with value: 0.760233918128655.
/home/kim89/hier-mil/venv/lib/python3.12/site-packages/sklearn/model_selection/_split.py:737: UserWarning: The least populated class in y has only 9 members, which is less than n_splits=10.
  warnings.warn(
[I 2025-03-26 17:58:43,839] Trial 4 finished with value: 0.7309941520467836 and parameters: {'n_epochs': 1000, 'dropout': 0.3, 'weight_decay': 0.001, 'n_layers_lin': 1, 'n_hid': 64, 'lr': 0.001}. Best is trial 2 with value: 0.760233918128655.
[I 2025-03-26 17:58:48,686] A new study created in memory with name: no-name-9d9cca95-9218-40c0-9f20-620f714b2056
[I 2025-03-26 17:59:28,839] Trial 0 finished with value: 0.631578947368421 and parameters: {'n_epochs': 500, 'dropout': 0.5, 'weight_decay': 0.001, 'n_layers_lin': 1, 'n_hid': 64, 'lr': 0.001}. Best is trial 0 with value: 0.631578947368421.
[I 2025-03-26 18:00:47,270] Trial 1 finished with value: 0.6736842105263159 and parameters: {'n_epochs': 1000, 'dropout': 0, 'weight_decay': 0.001, 'n_layers_lin': 1, 'n_hid': 128, 'lr': 0.005}. Best is trial 1 with value: 0.6736842105263159.
[I 2025-03-26 18:01:34,040] Trial 2 finished with value: 0.45789473684210524 and parameters: {'n_epochs': 500, 'dropout': 0.3, 'weight_decay': 0.001, 'n_layers_lin': 2, 'n_hid': 128, 'lr': 0.005}. Best is trial 1 with value: 0.6736842105263159.
[I 2025-03-26 18:02:21,084] Trial 3 finished with value: 0.6473684210526316 and parameters: {'n_epochs': 500, 'dropout': 0.5, 'weight_decay': 0.0001, 'n_layers_lin': 2, 'n_hid': 128, 'lr': 0.001}. Best is trial 1 with value: 0.6736842105263159.
[I 2025-03-26 18:03:37,823] Trial 4 finished with value: 0.6105263157894737 and parameters: {'n_epochs': 1000, 'dropout': 0.3, 'weight_decay': 0.001, 'n_layers_lin': 1, 'n_hid': 64, 'lr': 0.001}. Best is trial 1 with value: 0.6736842105263159.
[I 2025-03-26 18:03:45,720] A new study created in memory with name: no-name-c8d9e96a-40db-4ece-b7a2-f4a81dbc6e51
/home/kim89/hier-mil/venv/lib/python3.12/site-packages/sklearn/model_selection/_split.py:737: UserWarning: The least populated class in y has only 9 members, which is less than n_splits=10.
  warnings.warn(
[I 2025-03-26 18:04:26,340] Trial 0 finished with value: 0.5964912280701755 and parameters: {'n_epochs': 500, 'dropout': 0.5, 'weight_decay': 0.001, 'n_layers_lin': 1, 'n_hid': 64, 'lr': 0.001}. Best is trial 0 with value: 0.5964912280701755.
/home/kim89/hier-mil/venv/lib/python3.12/site-packages/sklearn/model_selection/_split.py:737: UserWarning: The least populated class in y has only 9 members, which is less than n_splits=10.
  warnings.warn(
[I 2025-03-26 18:05:41,387] Trial 1 finished with value: 0.5789473684210527 and parameters: {'n_epochs': 1000, 'dropout': 0, 'weight_decay': 0.001, 'n_layers_lin': 1, 'n_hid': 128, 'lr': 0.005}. Best is trial 0 with value: 0.5964912280701755.
/home/kim89/hier-mil/venv/lib/python3.12/site-packages/sklearn/model_selection/_split.py:737: UserWarning: The least populated class in y has only 9 members, which is less than n_splits=10.
  warnings.warn(
[I 2025-03-26 18:06:29,338] Trial 2 finished with value: 0.4912280701754386 and parameters: {'n_epochs': 500, 'dropout': 0.3, 'weight_decay': 0.001, 'n_layers_lin': 2, 'n_hid': 128, 'lr': 0.005}. Best is trial 0 with value: 0.5964912280701755.
/home/kim89/hier-mil/venv/lib/python3.12/site-packages/sklearn/model_selection/_split.py:737: UserWarning: The least populated class in y has only 9 members, which is less than n_splits=10.
  warnings.warn(
[I 2025-03-26 18:07:09,855] Trial 3 finished with value: 0.608187134502924 and parameters: {'n_epochs': 500, 'dropout': 0.5, 'weight_decay': 0.0001, 'n_layers_lin': 2, 'n_hid': 128, 'lr': 0.001}. Best is trial 3 with value: 0.608187134502924.
/home/kim89/hier-mil/venv/lib/python3.12/site-packages/sklearn/model_selection/_split.py:737: UserWarning: The least populated class in y has only 9 members, which is less than n_splits=10.
  warnings.warn(
[I 2025-03-26 18:08:23,833] Trial 4 finished with value: 0.5380116959064327 and parameters: {'n_epochs': 1000, 'dropout': 0.3, 'weight_decay': 0.001, 'n_layers_lin': 1, 'n_hid': 64, 'lr': 0.001}. Best is trial 3 with value: 0.608187134502924.
[I 2025-03-26 18:08:28,680] A new study created in memory with name: no-name-e4707330-7e80-4cef-9d32-c7f340822c41
[I 2025-03-26 18:09:09,261] Trial 0 finished with value: 0.9789473684210527 and parameters: {'n_epochs': 500, 'dropout': 0.5, 'weight_decay': 0.001, 'n_layers_lin': 1, 'n_hid': 64, 'lr': 0.001}. Best is trial 0 with value: 0.9789473684210527.
[I 2025-03-26 18:10:17,419] Trial 1 finished with value: 0.9473684210526316 and parameters: {'n_epochs': 1000, 'dropout': 0, 'weight_decay': 0.001, 'n_layers_lin': 1, 'n_hid': 128, 'lr': 0.005}. Best is trial 0 with value: 0.9789473684210527.
[I 2025-03-26 18:11:04,723] Trial 2 finished with value: 0.9210526315789473 and parameters: {'n_epochs': 500, 'dropout': 0.3, 'weight_decay': 0.001, 'n_layers_lin': 2, 'n_hid': 128, 'lr': 0.005}. Best is trial 0 with value: 0.9789473684210527.
[I 2025-03-26 18:11:52,758] Trial 3 finished with value: 0.8947368421052633 and parameters: {'n_epochs': 500, 'dropout': 0.5, 'weight_decay': 0.0001, 'n_layers_lin': 2, 'n_hid': 128, 'lr': 0.001}. Best is trial 0 with value: 0.9789473684210527.
[I 2025-03-26 18:13:08,649] Trial 4 finished with value: 0.9789473684210527 and parameters: {'n_epochs': 1000, 'dropout': 0.3, 'weight_decay': 0.001, 'n_layers_lin': 1, 'n_hid': 64, 'lr': 0.001}. Best is trial 0 with value: 0.9789473684210527.
AUC: 0.6504155124653739 +/- 0.06188888894322846
Results saved to out.txt