(venv) kim89@ailab-System-Product-Name:~/hier-mil$ python run.py --data_path icb.h5ad --task 2 --n_folds 2 --n_tune_trials 5
âœ… Using GPU: cuda:0
[I 2025-03-26 16:36:19,156] A new study created in memory with name: no-name-a953a6d7-02c2-41ce-879d-965f4b3d12b9
/home/kim89/hier-mil/venv/lib/python3.12/site-packages/sklearn/model_selection/_split.py:737: UserWarning: The least populated class in y has only 9 members, which is less than n_splits=10.
  warnings.warn(
[I 2025-03-26 16:36:58,453] Trial 0 finished with value: 0.7134502923976608 and parameters: {'n_epochs': 500, 'dropout': 0.5, 'weight_decay': 0.001, 'n_layers_lin': 1, 'n_hid': 64, 'lr': 0.001}. Best is trial 0 with value: 0.7134502923976608.
/home/kim89/hier-mil/venv/lib/python3.12/site-packages/sklearn/model_selection/_split.py:737: UserWarning: The least populated class in y has only 9 members, which is less than n_splits=10.
  warnings.warn(
[I 2025-03-26 16:38:14,605] Trial 1 finished with value: 0.7953216374269005 and parameters: {'n_epochs': 1000, 'dropout': 0, 'weight_decay': 0.001, 'n_layers_lin': 1, 'n_hid': 128, 'lr': 0.005}. Best is trial 1 with value: 0.7953216374269005.
/home/kim89/hier-mil/venv/lib/python3.12/site-packages/sklearn/model_selection/_split.py:737: UserWarning: The least populated class in y has only 9 members, which is less than n_splits=10.
  warnings.warn(
[I 2025-03-26 16:39:00,465] Trial 2 finished with value: 0.6140350877192983 and parameters: {'n_epochs': 500, 'dropout': 0.3, 'weight_decay': 0.001, 'n_layers_lin': 2, 'n_hid': 128, 'lr': 0.005}. Best is trial 1 with value: 0.7953216374269005.
/home/kim89/hier-mil/venv/lib/python3.12/site-packages/sklearn/model_selection/_split.py:737: UserWarning: The least populated class in y has only 9 members, which is less than n_splits=10.
  warnings.warn(
[I 2025-03-26 16:39:46,970] Trial 3 finished with value: 0.6374269005847952 and parameters: {'n_epochs': 500, 'dropout': 0.5, 'weight_decay': 0.0001, 'n_layers_lin': 2, 'n_hid': 128, 'lr': 0.001}. Best is trial 1 with value: 0.7953216374269005.
/home/kim89/hier-mil/venv/lib/python3.12/site-packages/sklearn/model_selection/_split.py:737: UserWarning: The least populated class in y has only 9 members, which is less than n_splits=10.
  warnings.warn(
[I 2025-03-26 16:41:01,921] Trial 4 finished with value: 0.6900584795321637 and parameters: {'n_epochs': 1000, 'dropout': 0.3, 'weight_decay': 0.001, 'n_layers_lin': 1, 'n_hid': 64, 'lr': 0.001}. Best is trial 1 with value: 0.7953216374269005.
[I 2025-03-26 16:41:09,832] A new study created in memory with name: no-name-5ff45e86-ae80-462d-8366-79c836d76a66
[I 2025-03-26 16:41:50,482] Trial 0 finished with value: 0.7789473684210526 and parameters: {'n_epochs': 500, 'dropout': 0.5, 'weight_decay': 0.001, 'n_layers_lin': 1, 'n_hid': 64, 'lr': 0.001}. Best is trial 0 with value: 0.7789473684210526.
[I 2025-03-26 16:43:07,611] Trial 1 finished with value: 0.6631578947368422 and parameters: {'n_epochs': 1000, 'dropout': 0, 'weight_decay': 0.001, 'n_layers_lin': 1, 'n_hid': 128, 'lr': 0.005}. Best is trial 0 with value: 0.7789473684210526.
[I 2025-03-26 16:43:55,132] Trial 2 finished with value: 0.5947368421052632 and parameters: {'n_epochs': 500, 'dropout': 0.3, 'weight_decay': 0.001, 'n_layers_lin': 2, 'n_hid': 128, 'lr': 0.005}. Best is trial 0 with value: 0.7789473684210526.
[I 2025-03-26 16:44:43,452] Trial 3 finished with value: 0.7842105263157895 and parameters: {'n_epochs': 500, 'dropout': 0.5, 'weight_decay': 0.0001, 'n_layers_lin': 2, 'n_hid': 128, 'lr': 0.001}. Best is trial 3 with value: 0.7842105263157895.
[I 2025-03-26 16:46:02,183] Trial 4 finished with value: 0.7736842105263158 and parameters: {'n_epochs': 1000, 'dropout': 0.3, 'weight_decay': 0.001, 'n_layers_lin': 1, 'n_hid': 64, 'lr': 0.001}. Best is trial 3 with value: 0.7842105263157895.
[I 2025-03-26 16:46:07,074] A new study created in memory with name: no-name-70b27214-77f0-47ed-82dd-8b67e49ee5e5
/home/kim89/hier-mil/venv/lib/python3.12/site-packages/sklearn/model_selection/_split.py:737: UserWarning: The least populated class in y has only 9 members, which is less than n_splits=10.
  warnings.warn(
[I 2025-03-26 16:46:47,901] Trial 0 finished with value: 0.5321637426900585 and parameters: {'n_epochs': 500, 'dropout': 0.5, 'weight_decay': 0.001, 'n_layers_lin': 1, 'n_hid': 64, 'lr': 0.001}. Best is trial 0 with value: 0.5321637426900585.
/home/kim89/hier-mil/venv/lib/python3.12/site-packages/sklearn/model_selection/_split.py:737: UserWarning: The least populated class in y has only 9 members, which is less than n_splits=10.
  warnings.warn(
[I 2025-03-26 16:48:05,722] Trial 1 finished with value: 0.5906432748538011 and parameters: {'n_epochs': 1000, 'dropout': 0, 'weight_decay': 0.001, 'n_layers_lin': 1, 'n_hid': 128, 'lr': 0.005}. Best is trial 1 with value: 0.5906432748538011.
/home/kim89/hier-mil/venv/lib/python3.12/site-packages/sklearn/model_selection/_split.py:737: UserWarning: The least populated class in y has only 9 members, which is less than n_splits=10.
  warnings.warn(
[I 2025-03-26 16:48:53,590] Trial 2 finished with value: 0.5847953216374269 and parameters: {'n_epochs': 500, 'dropout': 0.3, 'weight_decay': 0.001, 'n_layers_lin': 2, 'n_hid': 128, 'lr': 0.005}. Best is trial 1 with value: 0.5906432748538011.
/home/kim89/hier-mil/venv/lib/python3.12/site-packages/sklearn/model_selection/_split.py:737: UserWarning: The least populated class in y has only 9 members, which is less than n_splits=10.
  warnings.warn(
[I 2025-03-26 16:49:40,425] Trial 3 finished with value: 0.5087719298245613 and parameters: {'n_epochs': 500, 'dropout': 0.5, 'weight_decay': 0.0001, 'n_layers_lin': 2, 'n_hid': 128, 'lr': 0.001}. Best is trial 1 with value: 0.5906432748538011.
/home/kim89/hier-mil/venv/lib/python3.12/site-packages/sklearn/model_selection/_split.py:737: UserWarning: The least populated class in y has only 9 members, which is less than n_splits=10.
  warnings.warn(
[I 2025-03-26 16:51:00,639] Trial 4 finished with value: 0.5906432748538012 and parameters: {'n_epochs': 1000, 'dropout': 0.3, 'weight_decay': 0.001, 'n_layers_lin': 1, 'n_hid': 64, 'lr': 0.001}. Best is trial 4 with value: 0.5906432748538012.
[I 2025-03-26 16:51:08,636] A new study created in memory with name: no-name-4c8fffd9-5dbc-4788-92a1-f05741f12539
[I 2025-03-26 16:51:49,113] Trial 0 finished with value: 0.7105263157894737 and parameters: {'n_epochs': 500, 'dropout': 0.5, 'weight_decay': 0.001, 'n_layers_lin': 1, 'n_hid': 64, 'lr': 0.001}. Best is trial 0 with value: 0.7105263157894737.
[I 2025-03-26 16:52:54,042] Trial 1 finished with value: 0.6368421052631579 and parameters: {'n_epochs': 1000, 'dropout': 0, 'weight_decay': 0.001, 'n_layers_lin': 1, 'n_hid': 128, 'lr': 0.005}. Best is trial 0 with value: 0.7105263157894737.
[I 2025-03-26 16:53:41,870] Trial 2 finished with value: 0.7210526315789474 and parameters: {'n_epochs': 500, 'dropout': 0.3, 'weight_decay': 0.001, 'n_layers_lin': 2, 'n_hid': 128, 'lr': 0.005}. Best is trial 2 with value: 0.7210526315789474.
[I 2025-03-26 16:54:30,146] Trial 3 finished with value: 0.7263157894736842 and parameters: {'n_epochs': 500, 'dropout': 0.5, 'weight_decay': 0.0001, 'n_layers_lin': 2, 'n_hid': 128, 'lr': 0.001}. Best is trial 3 with value: 0.7263157894736842.
[I 2025-03-26 16:55:49,773] Trial 4 finished with value: 0.6052631578947368 and parameters: {'n_epochs': 1000, 'dropout': 0.3, 'weight_decay': 0.001, 'n_layers_lin': 1, 'n_hid': 64, 'lr': 0.001}. Best is trial 3 with value: 0.7263157894736842.
[I 2025-03-26 16:55:54,656] A new study created in memory with name: no-name-098f7d7b-0413-4f64-83d0-4cb674c93938
/home/kim89/hier-mil/venv/lib/python3.12/site-packages/sklearn/model_selection/_split.py:737: UserWarning: The least populated class in y has only 9 members, which is less than n_splits=10.
  warnings.warn(
[I 2025-03-26 16:56:35,117] Trial 0 finished with value: 0.6491228070175439 and parameters: {'n_epochs': 500, 'dropout': 0.5, 'weight_decay': 0.001, 'n_layers_lin': 1, 'n_hid': 64, 'lr': 0.001}. Best is trial 0 with value: 0.6491228070175439.
/home/kim89/hier-mil/venv/lib/python3.12/site-packages/sklearn/model_selection/_split.py:737: UserWarning: The least populated class in y has only 9 members, which is less than n_splits=10.
  warnings.warn(
[I 2025-03-26 16:57:53,505] Trial 1 finished with value: 0.7485380116959064 and parameters: {'n_epochs': 1000, 'dropout': 0, 'weight_decay': 0.001, 'n_layers_lin': 1, 'n_hid': 128, 'lr': 0.005}. Best is trial 1 with value: 0.7485380116959064.
/home/kim89/hier-mil/venv/lib/python3.12/site-packages/sklearn/model_selection/_split.py:737: UserWarning: The least populated class in y has only 9 members, which is less than n_splits=10.
  warnings.warn(
[I 2025-03-26 16:58:40,854] Trial 2 finished with value: 0.7660818713450293 and parameters: {'n_epochs': 500, 'dropout': 0.3, 'weight_decay': 0.001, 'n_layers_lin': 2, 'n_hid': 128, 'lr': 0.005}. Best is trial 2 with value: 0.7660818713450293.
/home/kim89/hier-mil/venv/lib/python3.12/site-packages/sklearn/model_selection/_split.py:737: UserWarning: The least populated class in y has only 9 members, which is less than n_splits=10.
  warnings.warn(
[I 2025-03-26 16:59:27,802] Trial 3 finished with value: 0.631578947368421 and parameters: {'n_epochs': 500, 'dropout': 0.5, 'weight_decay': 0.0001, 'n_layers_lin': 2, 'n_hid': 128, 'lr': 0.001}. Best is trial 2 with value: 0.7660818713450293.
/home/kim89/hier-mil/venv/lib/python3.12/site-packages/sklearn/model_selection/_split.py:737: UserWarning: The least populated class in y has only 9 members, which is less than n_splits=10.
  warnings.warn(
[I 2025-03-26 17:00:44,600] Trial 4 finished with value: 0.6257309941520468 and parameters: {'n_epochs': 1000, 'dropout': 0.3, 'weight_decay': 0.001, 'n_layers_lin': 1, 'n_hid': 64, 'lr': 0.001}. Best is trial 2 with value: 0.7660818713450293.
[I 2025-03-26 17:00:49,455] A new study created in memory with name: no-name-637a3326-385a-4f68-bf4f-565123b1dc97
[I 2025-03-26 17:01:29,938] Trial 0 finished with value: 0.8999999999999999 and parameters: {'n_epochs': 500, 'dropout': 0.5, 'weight_decay': 0.001, 'n_layers_lin': 1, 'n_hid': 64, 'lr': 0.001}. Best is trial 0 with value: 0.8999999999999999.
[I 2025-03-26 17:02:45,591] Trial 1 finished with value: 0.763157894736842 and parameters: {'n_epochs': 1000, 'dropout': 0, 'weight_decay': 0.001, 'n_layers_lin': 1, 'n_hid': 128, 'lr': 0.005}. Best is trial 0 with value: 0.8999999999999999.
[I 2025-03-26 17:03:33,588] Trial 2 finished with value: 0.8052631578947368 and parameters: {'n_epochs': 500, 'dropout': 0.3, 'weight_decay': 0.001, 'n_layers_lin': 2, 'n_hid': 128, 'lr': 0.005}. Best is trial 0 with value: 0.8999999999999999.
[I 2025-03-26 17:04:18,482] Trial 3 finished with value: 0.8263157894736843 and parameters: {'n_epochs': 500, 'dropout': 0.5, 'weight_decay': 0.0001, 'n_layers_lin': 2, 'n_hid': 128, 'lr': 0.001}. Best is trial 0 with value: 0.8999999999999999.
[I 2025-03-26 17:05:28,010] Trial 4 finished with value: 0.8631578947368421 and parameters: {'n_epochs': 1000, 'dropout': 0.3, 'weight_decay': 0.001, 'n_layers_lin': 1, 'n_hid': 64, 'lr': 0.001}. Best is trial 0 with value: 0.8999999999999999.
[I 2025-03-26 17:05:32,064] A new study created in memory with name: no-name-47871bdd-47fd-4cb9-bfff-ce7cc44a3fae
/home/kim89/hier-mil/venv/lib/python3.12/site-packages/sklearn/model_selection/_split.py:737: UserWarning: The least populated class in y has only 9 members, which is less than n_splits=10.
  warnings.warn(
[I 2025-03-26 17:06:08,681] Trial 0 finished with value: 0.672514619883041 and parameters: {'n_epochs': 500, 'dropout': 0.5, 'weight_decay': 0.001, 'n_layers_lin': 1, 'n_hid': 64, 'lr': 0.001}. Best is trial 0 with value: 0.672514619883041.
/home/kim89/hier-mil/venv/lib/python3.12/site-packages/sklearn/model_selection/_split.py:737: UserWarning: The least populated class in y has only 9 members, which is less than n_splits=10.
  warnings.warn(
[I 2025-03-26 17:07:26,420] Trial 1 finished with value: 0.7076023391812866 and parameters: {'n_epochs': 1000, 'dropout': 0, 'weight_decay': 0.001, 'n_layers_lin': 1, 'n_hid': 128, 'lr': 0.005}. Best is trial 1 with value: 0.7076023391812866.
/home/kim89/hier-mil/venv/lib/python3.12/site-packages/sklearn/model_selection/_split.py:737: UserWarning: The least populated class in y has only 9 members, which is less than n_splits=10.
  warnings.warn(
[I 2025-03-26 17:08:14,555] Trial 2 finished with value: 0.6666666666666666 and parameters: {'n_epochs': 500, 'dropout': 0.3, 'weight_decay': 0.001, 'n_layers_lin': 2, 'n_hid': 128, 'lr': 0.005}. Best is trial 1 with value: 0.7076023391812866.
/home/kim89/hier-mil/venv/lib/python3.12/site-packages/sklearn/model_selection/_split.py:737: UserWarning: The least populated class in y has only 9 members, which is less than n_splits=10.
  warnings.warn(
[I 2025-03-26 17:09:02,643] Trial 3 finished with value: 0.5321637426900585 and parameters: {'n_epochs': 500, 'dropout': 0.5, 'weight_decay': 0.0001, 'n_layers_lin': 2, 'n_hid': 128, 'lr': 0.001}. Best is trial 1 with value: 0.7076023391812866.
/home/kim89/hier-mil/venv/lib/python3.12/site-packages/sklearn/model_selection/_split.py:737: UserWarning: The least populated class in y has only 9 members, which is less than n_splits=10.
  warnings.warn(
[I 2025-03-26 17:10:22,374] Trial 4 finished with value: 0.608187134502924 and parameters: {'n_epochs': 1000, 'dropout': 0.3, 'weight_decay': 0.001, 'n_layers_lin': 1, 'n_hid': 64, 'lr': 0.001}. Best is trial 1 with value: 0.7076023391812866.
[I 2025-03-26 17:10:30,266] A new study created in memory with name: no-name-c2f23b4f-124f-4204-8576-b1fbeb9b4e9c
[I 2025-03-26 17:11:03,490] Trial 0 finished with value: 0.8368421052631578 and parameters: {'n_epochs': 500, 'dropout': 0.5, 'weight_decay': 0.001, 'n_layers_lin': 1, 'n_hid': 64, 'lr': 0.001}. Best is trial 0 with value: 0.8368421052631578.
[I 2025-03-26 17:12:21,176] Trial 1 finished with value: 0.49473684210526314 and parameters: {'n_epochs': 1000, 'dropout': 0, 'weight_decay': 0.001, 'n_layers_lin': 1, 'n_hid': 128, 'lr': 0.005}. Best is trial 0 with value: 0.8368421052631578.
[I 2025-03-26 17:13:08,833] Trial 2 finished with value: 0.7789473684210526 and parameters: {'n_epochs': 500, 'dropout': 0.3, 'weight_decay': 0.001, 'n_layers_lin': 2, 'n_hid': 128, 'lr': 0.005}. Best is trial 0 with value: 0.8368421052631578.
[I 2025-03-26 17:13:52,243] Trial 3 finished with value: 0.8105263157894737 and parameters: {'n_epochs': 500, 'dropout': 0.5, 'weight_decay': 0.0001, 'n_layers_lin': 2, 'n_hid': 128, 'lr': 0.001}. Best is trial 0 with value: 0.8368421052631578.
[I 2025-03-26 17:15:10,913] Trial 4 finished with value: 0.7894736842105263 and parameters: {'n_epochs': 1000, 'dropout': 0.3, 'weight_decay': 0.001, 'n_layers_lin': 1, 'n_hid': 64, 'lr': 0.001}. Best is trial 0 with value: 0.8368421052631578.
[I 2025-03-26 17:15:14,998] A new study created in memory with name: no-name-cc3ecf7d-aa9c-4e4c-8d74-84e409a6c793
/home/kim89/hier-mil/venv/lib/python3.12/site-packages/sklearn/model_selection/_split.py:737: UserWarning: The least populated class in y has only 9 members, which is less than n_splits=10.
  warnings.warn(
[I 2025-03-26 17:15:55,510] Trial 0 finished with value: 0.7251461988304093 and parameters: {'n_epochs': 500, 'dropout': 0.5, 'weight_decay': 0.001, 'n_layers_lin': 1, 'n_hid': 64, 'lr': 0.001}. Best is trial 0 with value: 0.7251461988304093.
/home/kim89/hier-mil/venv/lib/python3.12/site-packages/sklearn/model_selection/_split.py:737: UserWarning: The least populated class in y has only 9 members, which is less than n_splits=10.
  warnings.warn(
[I 2025-03-26 17:17:13,533] Trial 1 finished with value: 0.7017543859649122 and parameters: {'n_epochs': 1000, 'dropout': 0, 'weight_decay': 0.001, 'n_layers_lin': 1, 'n_hid': 128, 'lr': 0.005}. Best is trial 0 with value: 0.7251461988304093.
/home/kim89/hier-mil/venv/lib/python3.12/site-packages/sklearn/model_selection/_split.py:737: UserWarning: The least populated class in y has only 9 members, which is less than n_splits=10.
  warnings.warn(
[I 2025-03-26 17:17:59,936] Trial 2 finished with value: 0.695906432748538 and parameters: {'n_epochs': 500, 'dropout': 0.3, 'weight_decay': 0.001, 'n_layers_lin': 2, 'n_hid': 128, 'lr': 0.005}. Best is trial 0 with value: 0.7251461988304093.
/home/kim89/hier-mil/venv/lib/python3.12/site-packages/sklearn/model_selection/_split.py:737: UserWarning: The least populated class in y has only 9 members, which is less than n_splits=10.
  warnings.warn(
[I 2025-03-26 17:18:47,388] Trial 3 finished with value: 0.5672514619883041 and parameters: {'n_epochs': 500, 'dropout': 0.5, 'weight_decay': 0.0001, 'n_layers_lin': 2, 'n_hid': 128, 'lr': 0.001}. Best is trial 0 with value: 0.7251461988304093.
/home/kim89/hier-mil/venv/lib/python3.12/site-packages/sklearn/model_selection/_split.py:737: UserWarning: The least populated class in y has only 9 members, which is less than n_splits=10.
  warnings.warn(
[I 2025-03-26 17:20:06,935] Trial 4 finished with value: 0.631578947368421 and parameters: {'n_epochs': 1000, 'dropout': 0.3, 'weight_decay': 0.001, 'n_layers_lin': 1, 'n_hid': 64, 'lr': 0.001}. Best is trial 0 with value: 0.7251461988304093.
[I 2025-03-26 17:20:10,993] A new study created in memory with name: no-name-b0d65ccd-7bba-4b07-87f5-d0130c209995
[I 2025-03-26 17:20:49,167] Trial 0 finished with value: 0.7736842105263158 and parameters: {'n_epochs': 500, 'dropout': 0.5, 'weight_decay': 0.001, 'n_layers_lin': 1, 'n_hid': 64, 'lr': 0.001}. Best is trial 0 with value: 0.7736842105263158.
[I 2025-03-26 17:22:02,035] Trial 1 finished with value: 0.49473684210526325 and parameters: {'n_epochs': 1000, 'dropout': 0, 'weight_decay': 0.001, 'n_layers_lin': 1, 'n_hid': 128, 'lr': 0.005}. Best is trial 0 with value: 0.7736842105263158.
[I 2025-03-26 17:22:47,580] Trial 2 finished with value: 0.6105263157894737 and parameters: {'n_epochs': 500, 'dropout': 0.3, 'weight_decay': 0.001, 'n_layers_lin': 2, 'n_hid': 128, 'lr': 0.005}. Best is trial 0 with value: 0.7736842105263158.
[I 2025-03-26 17:23:30,139] Trial 3 finished with value: 0.6210526315789473 and parameters: {'n_epochs': 500, 'dropout': 0.5, 'weight_decay': 0.0001, 'n_layers_lin': 2, 'n_hid': 128, 'lr': 0.001}. Best is trial 0 with value: 0.7736842105263158.
[I 2025-03-26 17:24:48,814] Trial 4 finished with value: 0.6526315789473685 and parameters: {'n_epochs': 1000, 'dropout': 0.3, 'weight_decay': 0.001, 'n_layers_lin': 1, 'n_hid': 64, 'lr': 0.001}. Best is trial 0 with value: 0.7736842105263158.
[I 2025-03-26 17:24:52,645] A new study created in memory with name: no-name-5fda6abf-53b8-42fc-b74f-a8a8341274d4
/home/kim89/hier-mil/venv/lib/python3.12/site-packages/sklearn/model_selection/_split.py:737: UserWarning: The least populated class in y has only 9 members, which is less than n_splits=10.
  warnings.warn(
[I 2025-03-26 17:25:31,053] Trial 0 finished with value: 0.7543859649122807 and parameters: {'n_epochs': 500, 'dropout': 0.5, 'weight_decay': 0.001, 'n_layers_lin': 1, 'n_hid': 64, 'lr': 0.001}. Best is trial 0 with value: 0.7543859649122807.
/home/kim89/hier-mil/venv/lib/python3.12/site-packages/sklearn/model_selection/_split.py:737: UserWarning: The least populated class in y has only 9 members, which is less than n_splits=10.
  warnings.warn(
[I 2025-03-26 17:26:44,184] Trial 1 finished with value: 0.5672514619883041 and parameters: {'n_epochs': 1000, 'dropout': 0, 'weight_decay': 0.001, 'n_layers_lin': 1, 'n_hid': 128, 'lr': 0.005}. Best is trial 0 with value: 0.7543859649122807.
/home/kim89/hier-mil/venv/lib/python3.12/site-packages/sklearn/model_selection/_split.py:737: UserWarning: The least populated class in y has only 9 members, which is less than n_splits=10.
  warnings.warn(
[I 2025-03-26 17:27:30,278] Trial 2 finished with value: 0.7076023391812866 and parameters: {'n_epochs': 500, 'dropout': 0.3, 'weight_decay': 0.001, 'n_layers_lin': 2, 'n_hid': 128, 'lr': 0.005}. Best is trial 0 with value: 0.7543859649122807.
/home/kim89/hier-mil/venv/lib/python3.12/site-packages/sklearn/model_selection/_split.py:737: UserWarning: The least populated class in y has only 9 members, which is less than n_splits=10.
  warnings.warn(
[I 2025-03-26 17:28:17,432] Trial 3 finished with value: 0.8011695906432749 and parameters: {'n_epochs': 500, 'dropout': 0.5, 'weight_decay': 0.0001, 'n_layers_lin': 2, 'n_hid': 128, 'lr': 0.001}. Best is trial 3 with value: 0.8011695906432749.
/home/kim89/hier-mil/venv/lib/python3.12/site-packages/sklearn/model_selection/_split.py:737: UserWarning: The least populated class in y has only 9 members, which is less than n_splits=10.
  warnings.warn(
[I 2025-03-26 17:29:32,083] Trial 4 finished with value: 0.7836257309941521 and parameters: {'n_epochs': 1000, 'dropout': 0.3, 'weight_decay': 0.001, 'n_layers_lin': 1, 'n_hid': 64, 'lr': 0.001}. Best is trial 3 with value: 0.8011695906432749.
[I 2025-03-26 17:29:36,994] A new study created in memory with name: no-name-b7dbc930-d0eb-420e-af0e-8bc99bef7453
[I 2025-03-26 17:30:12,581] Trial 0 finished with value: 0.6631578947368421 and parameters: {'n_epochs': 500, 'dropout': 0.5, 'weight_decay': 0.001, 'n_layers_lin': 1, 'n_hid': 64, 'lr': 0.001}. Best is trial 0 with value: 0.6631578947368421.
[I 2025-03-26 17:31:29,956] Trial 1 finished with value: 0.7315789473684211 and parameters: {'n_epochs': 1000, 'dropout': 0, 'weight_decay': 0.001, 'n_layers_lin': 1, 'n_hid': 128, 'lr': 0.005}. Best is trial 1 with value: 0.7315789473684211.
[I 2025-03-26 17:32:18,311] Trial 2 finished with value: 0.5578947368421053 and parameters: {'n_epochs': 500, 'dropout': 0.3, 'weight_decay': 0.001, 'n_layers_lin': 2, 'n_hid': 128, 'lr': 0.005}. Best is trial 1 with value: 0.7315789473684211.
